<?xml version="1.0" encoding="UTF-8"?>
<!-- Generated by org.testng.reporters.JUnitReportReporter -->
<testsuite hostname="jyotsana" failures="0" tests="1" name="testscripts.testscript02" time="11.183" errors="0" timestamp="2020-03-02T22:39:32 GMT-08:00" skipped="0">
  <testcase classname="testscripts.testscript02" name="testtwo" time="11.183"/>
</testsuite> <!-- testscripts.testscript02 -->
