<?xml version="1.0" encoding="UTF-8"?>
<!-- Generated by org.testng.reporters.JUnitReportReporter -->
<testsuite hostname="jyotsana" failures="0" tests="1" name="testscripts.testscript02" time="42.255" errors="0" timestamp="2020-03-02T10:57:53 GMT-08:00" skipped="0">
  <testcase classname="testscripts.testscript02" name="testtwo" time="42.255"/>
</testsuite> <!-- testscripts.testscript02 -->
